<?xml version="1.0" encoding="UTF-8"?>
<!-- Generated by org.testng.reporters.JUnitXMLReporter -->
<testsuite ignored="0" hostname="MamaBapa" failures="1" tests="3" name="ErrorValidationTest" time="32.69" errors="0" timestamp="2025-03-21T16:15:28 IST">
  <testcase classname="RahulShettyAcademy.Tests.ErrorValidationTest" name="LoginErrorValidation" time="0.448">
    <skipped/>
  </testcase> <!-- LoginErrorValidation -->
  <testcase classname="RahulShettyAcademy.Tests.ErrorValidationTest" name="LoginErrorValidation" time="0.891">
    <failure type="java.lang.AssertionError" message="expected [Incorrect email or password.] but found [Incorrect email or passwor.]">
      <![CDATA[java.lang.AssertionError: expected [Incorrect email or password.] but found [Incorrect email or passwor.]
at RahulShettyAcademy.Tests.ErrorValidationTest.LoginErrorValidation(ErrorValidationTest.java:25)
at java.base/java.util.ArrayList.forEach(ArrayList.java:1511)
at java.base/java.util.concurrent.FutureTask.run(FutureTask.java:264)
at java.base/java.util.concurrent.ThreadPoolExecutor.runWorker(ThreadPoolExecutor.java:1136)
at java.base/java.util.concurrent.ThreadPoolExecutor$Worker.run(ThreadPoolExecutor.java:635)
at java.base/java.lang.Thread.run(Thread.java:833)
... Removed 23 stack frames]]>
    </failure>
  </testcase> <!-- LoginErrorValidation -->
  <testcase classname="RahulShettyAcademy.Tests.ErrorValidationTest" name="ProductErrorValidation" time="23.69"/>
</testsuite> <!-- ErrorValidationTest -->
