<?xml version="1.0" encoding="UTF-8"?>
<!-- Generated by org.testng.reporters.JUnitXMLReporter -->
<testsuite ignored="0" hostname="MamaBapa" failures="0" tests="3" name="SubmitOrder" time="26.345" errors="0" timestamp="2025-03-21T16:15:22 IST">
  <testcase classname="RahulShettyAcademy.Tests.SubmitOrder" name="submitOrder" time="14.737"/>
  <testcase classname="RahulShettyAcademy.Tests.SubmitOrder" name="submitOrder" time="3.209"/>
  <testcase classname="RahulShettyAcademy.Tests.SubmitOrder" name="OrderHistoryTest" time="0.582"/>
</testsuite> <!-- SubmitOrder -->
