<?xml version="1.0" encoding="UTF-8"?>
<!-- Generated by org.testng.reporters.JUnitXMLReporter -->
<testsuite ignored="0" hostname="MamaBapa" failures="0" tests="2" name="ErrorValidationTest" time="8.685" errors="0" timestamp="2025-03-26T13:19:09 IST">
  <testcase classname="RahulShettyAcademy.Tests.ErrorValidationTest" name="LoginErrorValidation" time="0.579"/>
  <testcase classname="RahulShettyAcademy.Tests.ErrorValidationTest" name="ProductErrorValidation" time="2.776"/>
</testsuite> <!-- ErrorValidationTest -->
