<?xml version="1.0" encoding="UTF-8"?>
<!-- Generated by org.testng.reporters.JUnitXMLReporter -->
<testsuite ignored="0" hostname="MamaBapa" failures="0" tests="3" name="SubmitOrder" time="39.487" errors="0" timestamp="2025-03-26T13:19:40 IST">
  <testcase classname="RahulShettyAcademy.Tests.SubmitOrder" name="submitOrder" time="14.7"/>
  <testcase classname="RahulShettyAcademy.Tests.SubmitOrder" name="submitOrder" time="14.422"/>
  <testcase classname="RahulShettyAcademy.Tests.SubmitOrder" name="OrderHistoryTest" time="0.623"/>
</testsuite> <!-- SubmitOrder -->
