<?xml version="1.0" encoding="UTF-8"?>
<!-- Generated by org.testng.reporters.JUnitXMLReporter -->
<testsuite ignored="0" hostname="MamaBapa" failures="0" tests="3" name="SubmitOrder" time="41.298" errors="0" timestamp="2025-03-22T13:13:28 IST">
  <testcase classname="RahulShettyAcademy.Tests.SubmitOrder" name="submitOrder" time="14.993"/>
  <testcase classname="RahulShettyAcademy.Tests.SubmitOrder" name="submitOrder" time="15.151"/>
  <testcase classname="RahulShettyAcademy.Tests.SubmitOrder" name="OrderHistoryTest" time="0.573"/>
</testsuite> <!-- SubmitOrder -->
