<?xml version="1.0" encoding="UTF-8"?>
<testng-results ignored="0" total="5" passed="5" failed="0" skipped="0">
  <reporter-output>
  </reporter-output>
  <suite started-at="2025-03-26T13:19:00 IST" name="Suite" finished-at="2025-03-26T13:19:40 IST" duration-ms="39487">
    <groups>
      <group name="Purchase">
        <method signature="SubmitOrder.submitOrder(java.util.HashMap)[pri:0, instance:RahulShettyAcademy.Tests.SubmitOrder@127a7a2e]" name="submitOrder" class="RahulShettyAcademy.Tests.SubmitOrder"/>
      </group> <!-- Purchase -->
      <group name="ErrorHandling">
        <method signature="ErrorValidationTest.LoginErrorValidation()[pri:0, instance:RahulShettyAcademy.Tests.ErrorValidationTest@19b89d4]" name="LoginErrorValidation" class="RahulShettyAcademy.Tests.ErrorValidationTest"/>
      </group> <!-- ErrorHandling -->
    </groups>
    <test started-at="2025-03-26T13:19:00 IST" name="ErrorValidationTest" finished-at="2025-03-26T13:19:09 IST" duration-ms="8685">
      <class name="RahulShettyAcademy.Tests.ErrorValidationTest">
        <test-method is-config="true" signature="launchApplication()[pri:0, instance:RahulShettyAcademy.Tests.ErrorValidationTest@19b89d4]" started-at="2025-03-26T13:19:00 IST" name="launchApplication" finished-at="2025-03-26T13:19:03 IST" duration-ms="3182" status="PASS">
          <reporter-output>
          </reporter-output>
        </test-method> <!-- launchApplication -->
        <test-method signature="LoginErrorValidation()[pri:0, instance:RahulShettyAcademy.Tests.ErrorValidationTest@19b89d4]" started-at="2025-03-26T13:19:03 IST" name="LoginErrorValidation" finished-at="2025-03-26T13:19:04 IST" duration-ms="579" status="PASS">
          <reporter-output>
          </reporter-output>
        </test-method> <!-- LoginErrorValidation -->
        <test-method is-config="true" signature="tearDown()[pri:0, instance:RahulShettyAcademy.Tests.ErrorValidationTest@19b89d4]" started-at="2025-03-26T13:19:04 IST" name="tearDown" finished-at="2025-03-26T13:19:04 IST" duration-ms="144" status="PASS">
          <reporter-output>
          </reporter-output>
        </test-method> <!-- tearDown -->
        <test-method is-config="true" signature="launchApplication()[pri:0, instance:RahulShettyAcademy.Tests.ErrorValidationTest@19b89d4]" started-at="2025-03-26T13:19:04 IST" name="launchApplication" finished-at="2025-03-26T13:19:06 IST" duration-ms="1951" status="PASS">
          <reporter-output>
          </reporter-output>
        </test-method> <!-- launchApplication -->
        <test-method signature="ProductErrorValidation()[pri:0, instance:RahulShettyAcademy.Tests.ErrorValidationTest@19b89d4]" started-at="2025-03-26T13:19:06 IST" name="ProductErrorValidation" finished-at="2025-03-26T13:19:09 IST" duration-ms="2776" status="PASS">
          <reporter-output>
          </reporter-output>
        </test-method> <!-- ProductErrorValidation -->
        <test-method is-config="true" signature="tearDown()[pri:0, instance:RahulShettyAcademy.Tests.ErrorValidationTest@19b89d4]" started-at="2025-03-26T13:19:09 IST" name="tearDown" finished-at="2025-03-26T13:19:09 IST" duration-ms="1" status="PASS">
          <reporter-output>
          </reporter-output>
        </test-method> <!-- tearDown -->
      </class> <!-- RahulShettyAcademy.Tests.ErrorValidationTest -->
    </test> <!-- ErrorValidationTest -->
    <test started-at="2025-03-26T13:19:00 IST" name="SubmitOrder" finished-at="2025-03-26T13:19:40 IST" duration-ms="39487">
      <class name="RahulShettyAcademy.Tests.SubmitOrder">
        <test-method is-config="true" signature="launchApplication()[pri:0, instance:RahulShettyAcademy.Tests.SubmitOrder@127a7a2e]" started-at="2025-03-26T13:19:00 IST" name="launchApplication" finished-at="2025-03-26T13:19:03 IST" duration-ms="2882" status="PASS">
          <reporter-output>
          </reporter-output>
        </test-method> <!-- launchApplication -->
        <test-method signature="submitOrder(java.util.HashMap)[pri:0, instance:RahulShettyAcademy.Tests.SubmitOrder@127a7a2e]" started-at="2025-03-26T13:19:03 IST" name="submitOrder" data-provider="getData" finished-at="2025-03-26T13:19:18 IST" duration-ms="14700" status="PASS">
          <params>
            <param index="0">
              <value>
                <![CDATA[{password=IloveRahul$1956, product=ZARA COAT 3, email=santosh@gmail.com}]]>
              </value>
            </param>
          </params>
          <reporter-output>
          </reporter-output>
        </test-method> <!-- submitOrder -->
        <test-method is-config="true" signature="tearDown()[pri:0, instance:RahulShettyAcademy.Tests.SubmitOrder@127a7a2e]" started-at="2025-03-26T13:19:18 IST" name="tearDown" finished-at="2025-03-26T13:19:19 IST" duration-ms="886" status="PASS">
          <reporter-output>
          </reporter-output>
        </test-method> <!-- tearDown -->
        <test-method is-config="true" signature="launchApplication()[pri:0, instance:RahulShettyAcademy.Tests.SubmitOrder@127a7a2e]" started-at="2025-03-26T13:19:19 IST" name="launchApplication" finished-at="2025-03-26T13:19:22 IST" duration-ms="2831" status="PASS">
          <reporter-output>
          </reporter-output>
        </test-method> <!-- launchApplication -->
        <test-method signature="submitOrder(java.util.HashMap)[pri:0, instance:RahulShettyAcademy.Tests.SubmitOrder@127a7a2e]" started-at="2025-03-26T13:19:22 IST" name="submitOrder" data-provider="getData" finished-at="2025-03-26T13:19:36 IST" duration-ms="14422" status="PASS">
          <params>
            <param index="0">
              <value>
                <![CDATA[{password=IlovemyMom$1956, product=ADIDAS ORIGINAL, email=santoshsujit@gmail.com}]]>
              </value>
            </param>
          </params>
          <reporter-output>
          </reporter-output>
        </test-method> <!-- submitOrder -->
        <test-method is-config="true" signature="tearDown()[pri:0, instance:RahulShettyAcademy.Tests.SubmitOrder@127a7a2e]" started-at="2025-03-26T13:19:36 IST" name="tearDown" finished-at="2025-03-26T13:19:37 IST" duration-ms="840" status="PASS">
          <reporter-output>
          </reporter-output>
        </test-method> <!-- tearDown -->
        <test-method is-config="true" signature="launchApplication()[pri:0, instance:RahulShettyAcademy.Tests.SubmitOrder@127a7a2e]" started-at="2025-03-26T13:19:37 IST" name="launchApplication" finished-at="2025-03-26T13:19:39 IST" duration-ms="1951" status="PASS">
          <reporter-output>
          </reporter-output>
        </test-method> <!-- launchApplication -->
        <test-method signature="OrderHistoryTest()[pri:0, instance:RahulShettyAcademy.Tests.SubmitOrder@127a7a2e]" started-at="2025-03-26T13:19:39 IST" name="OrderHistoryTest" finished-at="2025-03-26T13:19:39 IST" depends-on-methods="RahulShettyAcademy.Tests.SubmitOrder.submitOrder" duration-ms="623" status="PASS">
          <reporter-output>
          </reporter-output>
        </test-method> <!-- OrderHistoryTest -->
        <test-method is-config="true" signature="tearDown()[pri:0, instance:RahulShettyAcademy.Tests.SubmitOrder@127a7a2e]" started-at="2025-03-26T13:19:39 IST" name="tearDown" finished-at="2025-03-26T13:19:40 IST" duration-ms="146" status="PASS">
          <reporter-output>
          </reporter-output>
        </test-method> <!-- tearDown -->
      </class> <!-- RahulShettyAcademy.Tests.SubmitOrder -->
    </test> <!-- SubmitOrder -->
  </suite> <!-- Suite -->
</testng-results>
